<?xml version="1.0" encoding="UTF-8"?>
<!-- Generated by org.testng.reporters.JUnitReportReporter -->
<testsuite hostname="DESKTOP-RE6NGMJ" failures="0" tests="3" name="com.restassured.testcases.TC3_PostEmployeeRecord" time="0.083" errors="0" timestamp="2021-01-19T12:14:58 IST" skipped="0">
  <testcase classname="com.restassured.testcases.TC3_PostEmployeeRecord" name="checkStatusCode" time="0.018"/>
  <system-out/>
  <testcase classname="com.restassured.testcases.TC3_PostEmployeeRecord" name="checkResponsebody" time="0.056"/>
  <system-out/>
  <testcase classname="com.restassured.testcases.TC3_PostEmployeeRecord" name="contenttype" time="0.009"/>
  <system-out/>
</testsuite> <!-- com.restassured.testcases.TC3_PostEmployeeRecord -->
