<?xml version="1.0" encoding="UTF-8"?>
<!-- Generated by org.testng.reporters.JUnitReportReporter -->
<testsuite hostname="DESKTOP-RE6NGMJ" failures="0" tests="1" name="shakj.Demo3_apidatadriven" time="0.000" errors="0" timestamp="2021-01-18T16:43:19 IST" skipped="1">
  <testcase classname="shakj.Demo3_apidatadriven" name="postemployees" time="0.000">
    <skipped/>
  </testcase> <!-- postemployees -->
  <system-out/>
</testsuite> <!-- shakj.Demo3_apidatadriven -->
