<?xml version="1.0" encoding="UTF-8"?>
<!-- Generated by org.testng.reporters.JUnitReportReporter -->
<testsuite hostname="DESKTOP-RE6NGMJ" failures="0" tests="3" name="com.restassured.testcases.TC1_GetAllEmployeesDetails" time="0.136" errors="0" timestamp="2021-01-19T12:14:28 IST" skipped="0">
  <testcase classname="com.restassured.testcases.TC1_GetAllEmployeesDetails" name="checkResponsebody" time="0.118"/>
  <system-out/>
  <testcase classname="com.restassured.testcases.TC1_GetAllEmployeesDetails" name="contenttype" time="0.008"/>
  <system-out/>
  <testcase classname="com.restassured.testcases.TC1_GetAllEmployeesDetails" name="checkStatusCode" time="0.010"/>
  <system-out/>
</testsuite> <!-- com.restassured.testcases.TC1_GetAllEmployeesDetails -->
